2014-02-21T09:27:56+00:00 ERR (3): Notice: Undefined index: httponly  in /Applications/XAMPP/xamppfiles/htdocs/_magento/app/code/core/Mage/Core/Model/Session/Abstract/Varien.php on line 96
2014-02-21T09:27:56+00:00 ERR (3): Notice: Undefined index: secure  in /Applications/XAMPP/xamppfiles/htdocs/_magento/app/code/core/Mage/Core/Model/Session/Abstract/Varien.php on line 98
2014-02-21T09:27:56+00:00 ERR (3): Notice: Undefined index: domain  in /Applications/XAMPP/xamppfiles/htdocs/_magento/app/code/core/Mage/Core/Model/Session/Abstract/Varien.php on line 100
2014-02-21T09:27:56+00:00 ERR (3): Notice: Undefined index: httponly  in /Applications/XAMPP/xamppfiles/htdocs/_magento/app/code/core/Mage/Core/Model/Session/Abstract/Varien.php on line 96
2014-02-21T09:27:56+00:00 ERR (3): Notice: Undefined index: secure  in /Applications/XAMPP/xamppfiles/htdocs/_magento/app/code/core/Mage/Core/Model/Session/Abstract/Varien.php on line 98
2014-02-21T09:27:56+00:00 ERR (3): Notice: Undefined index: domain  in /Applications/XAMPP/xamppfiles/htdocs/_magento/app/code/core/Mage/Core/Model/Session/Abstract/Varien.php on line 100
2014-02-21T09:28:30+00:00 ERR (3): Notice: Undefined index: httponly  in /Applications/XAMPP/xamppfiles/htdocs/_magento/app/code/core/Mage/Core/Model/Session/Abstract/Varien.php on line 96
2014-02-21T09:28:30+00:00 ERR (3): Notice: Undefined index: secure  in /Applications/XAMPP/xamppfiles/htdocs/_magento/app/code/core/Mage/Core/Model/Session/Abstract/Varien.php on line 98
2014-02-21T09:28:30+00:00 ERR (3): Notice: Undefined index: domain  in /Applications/XAMPP/xamppfiles/htdocs/_magento/app/code/core/Mage/Core/Model/Session/Abstract/Varien.php on line 100
2014-02-21T09:28:30+00:00 ERR (3): Notice: Undefined index: httponly  in /Applications/XAMPP/xamppfiles/htdocs/_magento/app/code/core/Mage/Core/Model/Session/Abstract/Varien.php on line 96
2014-02-21T09:28:30+00:00 ERR (3): Notice: Undefined index: secure  in /Applications/XAMPP/xamppfiles/htdocs/_magento/app/code/core/Mage/Core/Model/Session/Abstract/Varien.php on line 98
2014-02-21T09:28:30+00:00 ERR (3): Notice: Undefined index: domain  in /Applications/XAMPP/xamppfiles/htdocs/_magento/app/code/core/Mage/Core/Model/Session/Abstract/Varien.php on line 100
2014-02-21T09:28:33+00:00 ERR (3): Notice: Undefined index: httponly  in /Applications/XAMPP/xamppfiles/htdocs/_magento/app/code/core/Mage/Core/Model/Session/Abstract/Varien.php on line 96
2014-02-21T09:28:33+00:00 ERR (3): Notice: Undefined index: secure  in /Applications/XAMPP/xamppfiles/htdocs/_magento/app/code/core/Mage/Core/Model/Session/Abstract/Varien.php on line 98
2014-02-21T09:28:33+00:00 ERR (3): Notice: Undefined index: domain  in /Applications/XAMPP/xamppfiles/htdocs/_magento/app/code/core/Mage/Core/Model/Session/Abstract/Varien.php on line 100
2014-02-21T09:28:50+00:00 ERR (3): Notice: Undefined index: httponly  in /Applications/XAMPP/xamppfiles/htdocs/_magento/app/code/core/Mage/Core/Model/Session/Abstract/Varien.php on line 96
2014-02-21T09:28:50+00:00 ERR (3): Notice: Undefined index: secure  in /Applications/XAMPP/xamppfiles/htdocs/_magento/app/code/core/Mage/Core/Model/Session/Abstract/Varien.php on line 98
2014-02-21T09:28:50+00:00 ERR (3): Notice: Undefined index: domain  in /Applications/XAMPP/xamppfiles/htdocs/_magento/app/code/core/Mage/Core/Model/Session/Abstract/Varien.php on line 100
2014-02-21T09:28:56+00:00 ERR (3): Notice: Undefined index: httponly  in /Applications/XAMPP/xamppfiles/htdocs/_magento/app/code/core/Mage/Core/Model/Session/Abstract/Varien.php on line 96
2014-02-21T09:28:56+00:00 ERR (3): Notice: Undefined index: secure  in /Applications/XAMPP/xamppfiles/htdocs/_magento/app/code/core/Mage/Core/Model/Session/Abstract/Varien.php on line 98
2014-02-21T09:28:56+00:00 ERR (3): Notice: Undefined index: domain  in /Applications/XAMPP/xamppfiles/htdocs/_magento/app/code/core/Mage/Core/Model/Session/Abstract/Varien.php on line 100
2014-02-21T09:28:57+00:00 ERR (3): Notice: Undefined index: httponly  in /Applications/XAMPP/xamppfiles/htdocs/_magento/app/code/core/Mage/Core/Model/Session/Abstract/Varien.php on line 96
2014-02-21T09:28:57+00:00 ERR (3): Notice: Undefined index: secure  in /Applications/XAMPP/xamppfiles/htdocs/_magento/app/code/core/Mage/Core/Model/Session/Abstract/Varien.php on line 98
2014-02-21T09:28:57+00:00 ERR (3): Notice: Undefined index: domain  in /Applications/XAMPP/xamppfiles/htdocs/_magento/app/code/core/Mage/Core/Model/Session/Abstract/Varien.php on line 100
2014-02-21T09:33:21+00:00 ERR (3): Notice: Undefined index: httponly  in /Applications/XAMPP/xamppfiles/htdocs/_magento/app/code/core/Mage/Core/Model/Session/Abstract/Varien.php on line 96
2014-02-21T09:33:21+00:00 ERR (3): Notice: Undefined index: secure  in /Applications/XAMPP/xamppfiles/htdocs/_magento/app/code/core/Mage/Core/Model/Session/Abstract/Varien.php on line 98
2014-02-21T09:33:21+00:00 ERR (3): Notice: Undefined index: domain  in /Applications/XAMPP/xamppfiles/htdocs/_magento/app/code/core/Mage/Core/Model/Session/Abstract/Varien.php on line 100
2014-02-21T09:33:21+00:00 ERR (3): Notice: Undefined index: httponly  in /Applications/XAMPP/xamppfiles/htdocs/_magento/app/code/core/Mage/Core/Model/Session/Abstract/Varien.php on line 96
2014-02-21T09:33:21+00:00 ERR (3): Notice: Undefined index: secure  in /Applications/XAMPP/xamppfiles/htdocs/_magento/app/code/core/Mage/Core/Model/Session/Abstract/Varien.php on line 98
2014-02-21T09:33:21+00:00 ERR (3): Notice: Undefined index: domain  in /Applications/XAMPP/xamppfiles/htdocs/_magento/app/code/core/Mage/Core/Model/Session/Abstract/Varien.php on line 100
2014-02-21T09:33:25+00:00 ERR (3): Notice: Undefined index: httponly  in /Applications/XAMPP/xamppfiles/htdocs/_magento/app/code/core/Mage/Core/Model/Session/Abstract/Varien.php on line 96
2014-02-21T09:33:25+00:00 ERR (3): Notice: Undefined index: secure  in /Applications/XAMPP/xamppfiles/htdocs/_magento/app/code/core/Mage/Core/Model/Session/Abstract/Varien.php on line 98
2014-02-21T09:33:25+00:00 ERR (3): Notice: Undefined index: domain  in /Applications/XAMPP/xamppfiles/htdocs/_magento/app/code/core/Mage/Core/Model/Session/Abstract/Varien.php on line 100
2014-02-21T09:33:27+00:00 ERR (3): Notice: Undefined index: httponly  in /Applications/XAMPP/xamppfiles/htdocs/_magento/app/code/core/Mage/Core/Model/Session/Abstract/Varien.php on line 96
2014-02-21T09:33:27+00:00 ERR (3): Notice: Undefined index: secure  in /Applications/XAMPP/xamppfiles/htdocs/_magento/app/code/core/Mage/Core/Model/Session/Abstract/Varien.php on line 98
2014-02-21T09:33:27+00:00 ERR (3): Notice: Undefined index: domain  in /Applications/XAMPP/xamppfiles/htdocs/_magento/app/code/core/Mage/Core/Model/Session/Abstract/Varien.php on line 100
2014-02-21T09:33:27+00:00 ERR (3): Notice: Undefined variable: _i  in /Applications/XAMPP/xamppfiles/htdocs/_magento/app/design/frontend/base/default/template/customer/address/edit.phtml on line 115
2014-02-21T09:33:27+00:00 ERR (3): Notice: Array to string conversion  in /Applications/XAMPP/xamppfiles/htdocs/_magento/app/design/frontend/base/default/template/customer/address/edit.phtml on line 115
2014-02-21T09:33:27+00:00 ERR (3): Notice: Undefined variable: _i  in /Applications/XAMPP/xamppfiles/htdocs/_magento/app/design/frontend/base/default/template/customer/address/edit.phtml on line 115
2014-02-21T09:33:27+00:00 ERR (3): Notice: Undefined variable: _i  in /Applications/XAMPP/xamppfiles/htdocs/_magento/app/design/frontend/base/default/template/customer/address/edit.phtml on line 115
